MyScanner{fileName='data/p2.txt', 
reservedWords=[începe_program, continuă, oprește, citește, afișează, dacă, sau_dacă, altfel, pentru, cât_timp, întreg, binar, real, caractere, șir, adevărat, fals, și, sau, negat], 
separators=[[, ], {, }, (, ), ;, :, ,,  ], 
operators=[<, <=, >, >=, ==, !=, !, &&, ||, ^, +=, -=, *=, /=, =, +, -, *, %, /], 
codification={||=20, <==13, constant=1, adevărat=47, pentru=40,  =11, ===16, identifier=0, !=18, caractere=45, %=30, (=6, )=7, *=29, +=27, real=44, ,=10, -=28, întreg=42, fals=48, afișează=36, /=31, -==23, cât_timp=41, continuă=33, :=9, ;=8, <=12, !==17, ==26, >=14, >==15, &&=19, începe_program=32, și=49, *==24, oprește=34, șir=46, [=2, ]=3, ^=21, sau=50, sau_dacă=38, altfel=39, /==25, binar=43, +==22, citește=35, dacă=37, {=4, }=5, negat=51}, 
reservedTokens=[[, ], {, }, (, ), ;, :, ,,  , <, <=, >, >=, ==, !=, !, &&, ||, ^, +=, -=, *=, /=, =, +, -, *, %, /, începe_program, continuă, oprește, citește, afișează, dacă, sau_dacă, altfel, pentru, cât_timp, întreg, binar, real, caractere, șir, adevărat, fals, și, sau, negat], 
pif=
PIF{
elements=[
PIFElement{token='începe_program', ST_position=Position{hashTableIndex=-1, linkedListIndex=0}}, 
PIFElement{token='{', ST_position=Position{hashTableIndex=-1, linkedListIndex=0}}, 
PIFElement{token='întreg', ST_position=Position{hashTableIndex=-1, linkedListIndex=0}}, 
PIFElement{token='IDENTIFIER', ST_position=Position{hashTableIndex=49, linkedListIndex=0}}, 
PIFElement{token=',', ST_position=Position{hashTableIndex=-1, linkedListIndex=0}}, 
PIFElement{token='IDENTIFIER', ST_position=Position{hashTableIndex=29, linkedListIndex=0}}, 
PIFElement{token=';', ST_position=Position{hashTableIndex=-1, linkedListIndex=0}}, 
PIFElement{token='binar', ST_position=Position{hashTableIndex=-1, linkedListIndex=0}}, 
PIFElement{token='IDENTIFIER', ST_position=Position{hashTableIndex=68, linkedListIndex=0}}, 
PIFElement{token=';', ST_position=Position{hashTableIndex=-1, linkedListIndex=0}}, 
PIFElement{token='IDENTIFIER', ST_position=Position{hashTableIndex=68, linkedListIndex=0}}, 
PIFElement{token='=', ST_position=Position{hashTableIndex=-1, linkedListIndex=0}}, 
PIFElement{token='adevărat', ST_position=Position{hashTableIndex=-1, linkedListIndex=0}}, 
PIFElement{token=';', ST_position=Position{hashTableIndex=-1, linkedListIndex=0}}, 
PIFElement{token='citește', ST_position=Position{hashTableIndex=-1, linkedListIndex=0}}, 
PIFElement{token='(', ST_position=Position{hashTableIndex=-1, linkedListIndex=0}}, 
PIFElement{token='IDENTIFIER', ST_position=Position{hashTableIndex=49, linkedListIndex=0}}, 
PIFElement{token=')', ST_position=Position{hashTableIndex=-1, linkedListIndex=0}}, 
PIFElement{token=';', ST_position=Position{hashTableIndex=-1, linkedListIndex=0}}, 
PIFElement{token='pentru', ST_position=Position{hashTableIndex=-1, linkedListIndex=0}}, 
PIFElement{token='(', ST_position=Position{hashTableIndex=-1, linkedListIndex=0}}, 
PIFElement{token='IDENTIFIER', ST_position=Position{hashTableIndex=29, linkedListIndex=0}}, 
PIFElement{token='=', ST_position=Position{hashTableIndex=-1, linkedListIndex=0}}, 
PIFElement{token='CONSTANT', ST_position=Position{hashTableIndex=50, linkedListIndex=0}}, 
PIFElement{token=';', ST_position=Position{hashTableIndex=-1, linkedListIndex=0}}, 
PIFElement{token='IDENTIFIER', ST_position=Position{hashTableIndex=29, linkedListIndex=0}}, 
PIFElement{token='<=', ST_position=Position{hashTableIndex=-1, linkedListIndex=0}}, 
PIFElement{token='IDENTIFIER', ST_position=Position{hashTableIndex=49, linkedListIndex=0}}, 
PIFElement{token=';', ST_position=Position{hashTableIndex=-1, linkedListIndex=0}}, 
PIFElement{token='IDENTIFIER', ST_position=Position{hashTableIndex=29, linkedListIndex=0}}, 
PIFElement{token='+=', ST_position=Position{hashTableIndex=-1, linkedListIndex=0}}, 
PIFElement{token='CONSTANT', ST_position=Position{hashTableIndex=49, linkedListIndex=1}}, 
PIFElement{token=')', ST_position=Position{hashTableIndex=-1, linkedListIndex=0}}, 
PIFElement{token='{', ST_position=Position{hashTableIndex=-1, linkedListIndex=0}}, 
PIFElement{token='dacă', ST_position=Position{hashTableIndex=-1, linkedListIndex=0}}, 
PIFElement{token='(', ST_position=Position{hashTableIndex=-1, linkedListIndex=0}}, 
PIFElement{token='IDENTIFIER', ST_position=Position{hashTableIndex=49, linkedListIndex=0}}, 
PIFElement{token='%', ST_position=Position{hashTableIndex=-1, linkedListIndex=0}}, 
PIFElement{token='IDENTIFIER', ST_position=Position{hashTableIndex=29, linkedListIndex=0}}, 
PIFElement{token='==', ST_position=Position{hashTableIndex=-1, linkedListIndex=0}}, 
PIFElement{token='CONSTANT', ST_position=Position{hashTableIndex=48, linkedListIndex=0}}, 
PIFElement{token=')', ST_position=Position{hashTableIndex=-1, linkedListIndex=0}}, 
PIFElement{token='{', ST_position=Position{hashTableIndex=-1, linkedListIndex=0}}, 
PIFElement{token='IDENTIFIER', ST_position=Position{hashTableIndex=68, linkedListIndex=0}}, 
PIFElement{token='=', ST_position=Position{hashTableIndex=-1, linkedListIndex=0}}, 
PIFElement{token='fals', ST_position=Position{hashTableIndex=-1, linkedListIndex=0}}, 
PIFElement{token=';', ST_position=Position{hashTableIndex=-1, linkedListIndex=0}}, 
PIFElement{token='}', ST_position=Position{hashTableIndex=-1, linkedListIndex=0}}, 
PIFElement{token='}', ST_position=Position{hashTableIndex=-1, linkedListIndex=0}}, 
PIFElement{token='dacă', ST_position=Position{hashTableIndex=-1, linkedListIndex=0}}, 
PIFElement{token='(', ST_position=Position{hashTableIndex=-1, linkedListIndex=0}}, 
PIFElement{token='IDENTIFIER', ST_position=Position{hashTableIndex=68, linkedListIndex=0}}, 
PIFElement{token=')', ST_position=Position{hashTableIndex=-1, linkedListIndex=0}}, 
PIFElement{token='{', ST_position=Position{hashTableIndex=-1, linkedListIndex=0}}, 
PIFElement{token='afișează', ST_position=Position{hashTableIndex=-1, linkedListIndex=0}}, 
PIFElement{token='(', ST_position=Position{hashTableIndex=-1, linkedListIndex=0}}, 
PIFElement{token='CONSTANT', ST_position=Position{hashTableIndex=45, linkedListIndex=0}}, 
PIFElement{token=')', ST_position=Position{hashTableIndex=-1, linkedListIndex=0}}, 
PIFElement{token=';', ST_position=Position{hashTableIndex=-1, linkedListIndex=0}}, 
PIFElement{token='}', ST_position=Position{hashTableIndex=-1, linkedListIndex=0}}, 
PIFElement{token='altfel', ST_position=Position{hashTableIndex=-1, linkedListIndex=0}}, 
PIFElement{token='{', ST_position=Position{hashTableIndex=-1, linkedListIndex=0}}, 
PIFElement{token='afișează', ST_position=Position{hashTableIndex=-1, linkedListIndex=0}}, 
PIFElement{token='(', ST_position=Position{hashTableIndex=-1, linkedListIndex=0}}, 
PIFElement{token='CONSTANT', ST_position=Position{hashTableIndex=20, linkedListIndex=0}}, 
PIFElement{token=')', ST_position=Position{hashTableIndex=-1, linkedListIndex=0}}, 
PIFElement{token=';', ST_position=Position{hashTableIndex=-1, linkedListIndex=0}}, 
PIFElement{token='}', ST_position=Position{hashTableIndex=-1, linkedListIndex=0}}, 
PIFElement{token='oprește', ST_position=Position{hashTableIndex=-1, linkedListIndex=0}}, 
PIFElement{token=';', ST_position=Position{hashTableIndex=-1, linkedListIndex=0}}, 
PIFElement{token='}', ST_position=Position{hashTableIndex=-1, linkedListIndex=0}}]
}, 
symbolTable=SymbolTable{hashTable=HashTable{
dimension=71, elements=
[null, null, null, null, null, null, null, null, null, null, null, null, null, null, null, null, null, null, null, null, 
Node{identifier=''nu e prim!'', index=0, nextNode=null}, null, null, null, null, null, null, null, null, 
Node{identifier='d', index=0, nextNode=null}, null, null, null, null, null, null, null, null, null, null, null, null, null, null, null, 
Node{identifier=''e prim!'', index=0, nextNode=null}, null, null, 
Node{identifier='0', index=0, nextNode=null}, 
Node{identifier='x', index=0, nextNode=
Node{identifier='1', index=1, nextNode=null}}, 
Node{identifier='2', index=0, nextNode=null}, null, null, null, null, null, null, null, null, null, null, null, null, null, null, null, null, null, 
Node{identifier='e_prim', index=0, nextNode=null}, null, null]}
}}